<?xml version="1.0" encoding="UTF-8"?>
<!-- Generated by org.testng.reporters.JUnitReportReporter -->
<testsuite hostname="DESKTOP-O4H0SON" failures="0" tests="3" name="com.comcast.HMS.orgTest.CreateOrgnizationTest" time="22.643" errors="0" timestamp="2025-05-26T11:32:06 IST" skipped="0">
  <testcase classname="com.comcast.HMS.orgTest.CreateOrgnizationTest" name="CreateOrgnizationWithPhoneNumberTest" time="8.104"/>
  <system-out/>
  <testcase classname="com.comcast.HMS.orgTest.CreateOrgnizationTest" name="CreateOrgnizationWithIndustriesTest" time="8.227"/>
  <system-out/>
  <testcase classname="com.comcast.HMS.orgTest.CreateOrgnizationTest" name="createOrgTest" time="6.312"/>
  <system-out/>
</testsuite> <!-- com.comcast.HMS.orgTest.CreateOrgnizationTest -->
