<?xml version="1.0" encoding="UTF-8"?>
<!-- Generated by org.testng.reporters.JUnitReportReporter -->
<testsuite hostname="DESKTOP-O4H0SON" failures="0" tests="3" name="com.contactTest.CreateContactTest" time="20.014" errors="0" timestamp="2025-05-26T11:32:42 IST" skipped="0">
  <testcase classname="com.contactTest.CreateContactTest" name="createContactWithSupportDateTest" time="5.881"/>
  <system-out/>
  <testcase classname="com.contactTest.CreateContactTest" name="createContactTest" time="7.344"/>
  <system-out/>
  <testcase classname="com.contactTest.CreateContactTest" name="createContactWithOrgTest" time="6.789"/>
  <system-out/>
</testsuite> <!-- com.contactTest.CreateContactTest -->
