<?xml version="1.0" encoding="UTF-8"?>
<!-- Generated by org.testng.reporters.JUnitReportReporter -->
<testsuite hostname="DESKTOP-O4H0SON" failures="0" tests="3" name="com.contactTest.CreateContactTest" time="17.942" errors="0" timestamp="2025-05-26T13:04:31 IST" skipped="0">
  <testcase classname="com.contactTest.CreateContactTest" name="createContactWithOrgTest" time="8.006"/>
  <system-out/>
  <testcase classname="com.contactTest.CreateContactTest" name="createContactWithSupportDateTest" time="5.189"/>
  <system-out/>
  <testcase classname="com.contactTest.CreateContactTest" name="createContactTest" time="4.747"/>
  <system-out/>
</testsuite> <!-- com.contactTest.CreateContactTest -->
