<?xml version="1.0" encoding="UTF-8"?>
<!-- Generated by org.testng.reporters.JUnitReportReporter -->
<testsuite hostname="DESKTOP-O4H0SON" failures="0" tests="3" name="com.comcast.HMS.orgTest.CreateOrgnizationTest" time="19.420" errors="0" timestamp="2025-05-26T13:18:03 IST" skipped="0">
  <testcase classname="com.comcast.HMS.orgTest.CreateOrgnizationTest" name="CreateOrgnizationWithIndustriesTest" time="7.494"/>
  <system-out/>
  <testcase classname="com.comcast.HMS.orgTest.CreateOrgnizationTest" name="CreateOrgnizationWithPhoneNumberTest" time="6.316"/>
  <system-out/>
  <testcase classname="com.comcast.HMS.orgTest.CreateOrgnizationTest" name="createOrgTest" time="5.610"/>
  <system-out/>
</testsuite> <!-- com.comcast.HMS.orgTest.CreateOrgnizationTest -->
